<?xml version="1.0" encoding="UTF-8"?>
<testsuite xmlns:xsi="http://www.w3.org/2001/XMLSchema-instance" xsi:noNamespaceSchemaLocation="https://maven.apache.org/surefire/maven-surefire-plugin/xsd/surefire-test-report-3.0.xsd" version="3.0" name="kumu.RunCucumberTest" time="0.255" tests="6" errors="0" skipped="0" failures="0">
  <properties>
[...]
</properties>
  <testcase name="Access task form" classname="Adding a task" time="0.067">
    <system-out><![CDATA[
Scenario: Access task form                     &amp#27;[90m# kumu/adding-task.feature:3&amp#27;[0m
  &amp#27;[32mGiven &amp#27;[0m&amp#27;[32mthe user is logged in to add a task&amp#27;[0m    &amp#27;[90m# kumu.StepDefinitions.the_user_is_logged_in_to_add_a_task()&amp#27;[0m
  &amp#27;[32mWhen &amp#27;[0m&amp#27;[32mhe chooses the option to add a new task&amp#27;[0m &amp#27;[90m# kumu.StepDefinitions.he_chooses_the_option_to_add_a_new_task()&amp#27;[0m
  &amp#27;[32mThen &amp#27;[0m&amp#27;[32mhe sees the task form&amp#27;[0m                   &amp#27;[90m# kumu.StepDefinitions.he_sees_the_task_form()&amp#27;[0m
]]></system-out>
    <system-err><![CDATA[Formulário de cadastro de tarefa:
]]></system-err>
  </testcase>
  <testcase name="Adds task" classname="Adding a task" time="0.008">
    <system-out><![CDATA[
Scenario: Adds task                      &amp#27;[90m# kumu/adding-task.feature:8&amp#27;[0m
  &amp#27;[32mGiven &amp#27;[0m&amp#27;[32mthe user is in task form&amp#27;[0m         &amp#27;[90m# kumu.StepDefinitions.the_user_is_in_task_form()&amp#27;[0m
  &amp#27;[32mWhen &amp#27;[0m&amp#27;[32mhe submits the task info&amp#27;[0m          &amp#27;[90m# kumu.StepDefinitions.he_submits_the_task_info()&amp#27;[0m
  &amp#27;[32mThen &amp#27;[0m&amp#27;[32mhe sees the list of pending tasks&amp#27;[0m &amp#27;[90m# kumu.StepDefinitions.he_sees_the_list_of_pending_tasks()&amp#27;[0m
]]></system-out>
    <system-err><![CDATA[Formulário de cadastro de tarefa:
Qual o nome da tarefa?
Qual a prioridade? (0 - Comum, 1 - Prioritária)
Lista de tarefas: 
]]></system-err>
  </testcase>
  <testcase name="Prioritizes a task" classname="Updating a task" time="0.01">
    <system-out><![CDATA[
Scenario: Prioritizes a task                         &amp#27;[90m# kumu/updating-task.feature:3&amp#27;[0m
  &amp#27;[32mGiven &amp#27;[0m&amp#27;[32mthe user is logged in to set a task priority&amp#27;[0m &amp#27;[90m# kumu.StepDefinitions.the_user_is_logged_in_to_set_a_task_priority()&amp#27;[0m
  &amp#27;[32mAnd &amp#27;[0m&amp#27;[32mhe selected a task&amp#27;[0m                             &amp#27;[90m# kumu.StepDefinitions.he_selected_a_task()&amp#27;[0m
  &amp#27;[32mWhen &amp#27;[0m&amp#27;[32mhe fills the priority level field to &amp#27;[0m&amp#27;[32m&amp#27;[1m1&amp#27;[0m        &amp#27;[90m# kumu.StepDefinitions.he_fills_the_priority_level_field_to(java.lang.Integer)&amp#27;[0m
  &amp#27;[32mThen &amp#27;[0m&amp#27;[32mhe sees a message of prioritizing concluded&amp#27;[0m   &amp#27;[90m# kumu.StepDefinitions.he_sees_a_message_of_prioritizing_concluded()&amp#27;[0m
]]></system-out>
    <system-err><![CDATA[Task priorizada com sucesso!
]]></system-err>
  </testcase>
  <testcase name="Finishes a task" classname="Updating a task" time="0.007">
    <system-out><![CDATA[
Scenario: Finishes a task                      &amp#27;[90m# kumu/updating-task.feature:9&amp#27;[0m
  &amp#27;[32mGiven &amp#27;[0m&amp#27;[32mthe user is logged in to finish a task&amp#27;[0m &amp#27;[90m# kumu.StepDefinitions.the_user_is_logged_in_to_finish_a_task()&amp#27;[0m
  &amp#27;[32mAnd &amp#27;[0m&amp#27;[32mhe selected a task&amp#27;[0m                       &amp#27;[90m# kumu.StepDefinitions.he_selected_a_task()&amp#27;[0m
  &amp#27;[32mWhen &amp#27;[0m&amp#27;[32mhe sets the completed field to &amp#27;[0m&amp#27;[32m&amp#27;[1m1&amp#27;[0m        &amp#27;[90m# kumu.StepDefinitions.he_sets_the_completed_field_to(java.lang.Integer)&amp#27;[0m
  &amp#27;[32mThen &amp#27;[0m&amp#27;[32mhe sees a message of task finished&amp#27;[0m      &amp#27;[90m# kumu.StepDefinitions.he_seed_a_message_of_task_finished()&amp#27;[0m
]]></system-out>
    <system-err><![CDATA[Task finalizada com sucesso!
]]></system-err>
  </testcase>
  <testcase name="Access registration form" classname="User registration" time="0.005">
    <system-out><![CDATA[
Scenario: Access registration form         &amp#27;[90m# kumu/user-register.feature:3&amp#27;[0m
  &amp#27;[32mGiven &amp#27;[0m&amp#27;[32mthe user is not registered in kumu&amp#27;[0m &amp#27;[90m# kumu.StepDefinitions.the_user_is_not_registered_in_kumu()&amp#27;[0m
  &amp#27;[32mWhen &amp#27;[0m&amp#27;[32mhe chooses the option to sign in&amp#27;[0m    &amp#27;[90m# kumu.StepDefinitions.he_chooses_the_option_to_sign_in()&amp#27;[0m
  &amp#27;[32mThen &amp#27;[0m&amp#27;[32mhe sees the form&amp#27;[0m                    &amp#27;[90m# kumu.StepDefinitions.he_sees_the_form()&amp#27;[0m
]]></system-out>
    <system-err><![CDATA[Bem vindo ao KUMU!
Formulário de cadastro de usuário:
]]></system-err>
  </testcase>
  <testcase name="Finishes registration" classname="User registration" time="0.008">
    <system-out><![CDATA[
Scenario: Finishes registration              &amp#27;[90m# kumu/user-register.feature:8&amp#27;[0m
  &amp#27;[32mGiven &amp#27;[0m&amp#27;[32mthe user is in the registration form&amp#27;[0m &amp#27;[90m# kumu.StepDefinitions.the_user_is_in_the_registration_form()&amp#27;[0m
  &amp#27;[32mWhen &amp#27;[0m&amp#27;[32mhe fills all the information&amp#27;[0m          &amp#27;[90m# kumu.StepDefinitions.he_fills_all_the_information()&amp#27;[0m
  &amp#27;[32mThen &amp#27;[0m&amp#27;[32mhe authenticates himself in the app&amp#27;[0m   &amp#27;[90m# kumu.StepDefinitions.he_authenticates_himself_in_the_app()&amp#27;[0m
]]></system-out>
    <system-err><![CDATA[Formulário de cadastro de usuário:
Qual seu nome?
Qual seu e-mail?
Qual sua senha?
]]></system-err>
  </testcase>
</testsuite>